<!DOCTYPE html>
<html>
<head>
<meta http-equiv="Content-Type" content="text/html; charset=utf-8"/>
<meta http-equiv="x-ua-compatible" content="IE=edge"/>
<title>Test results - Class Navigate to amazon</title>
<link href="../css/base-style.css" rel="stylesheet" type="text/css"/>
<link href="../css/style.css" rel="stylesheet" type="text/css"/>
<script src="../js/report.js" type="text/javascript"></script>
</head>
<body>
<div id="content">
<h1>Class Navigate to amazon</h1>
<div class="breadcrumbs">
<a href="../index.html">all</a> &gt; 
<a href="../packages/default-package.html">default-package</a> &gt; Navigate to amazon</div>
<div id="summary">
<table>
<tr>
<td>
<div class="summaryGroup">
<table>
<tr>
<td>
<div class="infoBox" id="tests">
<div class="counter">1</div>
<p>tests</p>
</div>
</td>
<td>
<div class="infoBox" id="failures">
<div class="counter">1</div>
<p>failures</p>
</div>
</td>
<td>
<div class="infoBox" id="ignored">
<div class="counter">0</div>
<p>ignored</p>
</div>
</td>
<td>
<div class="infoBox" id="duration">
<div class="counter">44.798s</div>
<p>duration</p>
</div>
</td>
</tr>
</table>
</div>
</td>
<td>
<div class="infoBox failures" id="successRate">
<div class="percent">0%</div>
<p>successful</p>
</div>
</td>
</tr>
</table>
</div>
<div id="tabs">
<ul class="tabLinks">
<li>
<a href="#tab0">Failed tests</a>
</li>
<li>
<a href="#tab1">Tests</a>
</li>
<li>
<a href="#tab2">Standard output</a>
</li>
<li>
<a href="#tab3">Standard error</a>
</li>
</ul>
<div id="tab0" class="tab">
<h2>Failed tests</h2>
<div class="test">
<a name="amazon"></a>
<h3 class="failures">amazon</h3>
<span class="code">
<pre>java.lang.AssertionError
	at org.junit.Assert.fail(Assert.java:87)
	at org.junit.Assert.assertTrue(Assert.java:42)
	at org.junit.Assert.assertTrue(Assert.java:53)
	at pages.BasePage.verifyTextFromGivenUrl(BasePage.java:48)
	at pages.AmazonPage.verifyText(AmazonPage.java:18)
	at stepdefinitions.StepDefinition.validate_the_amazon_page_got_loaded_successfully_by_validating_text(StepDefinition.java:67)
	at ✽.validate the amazon page got loaded successfully by validating text &quot;test&quot;(file:///G:/automation/repository/cucumberseleniumapi/src/test/resources/amazon/Test1.feature:5)
</pre>
</span>
</div>
</div>
<div id="tab1" class="tab">
<h2>Tests</h2>
<table>
<thead>
<tr>
<th>Test</th>
<th>Duration</th>
<th>Result</th>
</tr>
</thead>
<tr>
<td class="failures">amazon</td>
<td class="failures">44.798s</td>
<td class="failures">failed</td>
</tr>
</table>
</div>
<div id="tab2" class="tab">
<h2>Standard output</h2>
<span class="code">
<pre>
@amazon
Scenario Outline: amazon                                                         ?[90m# src/test/resources/amazon/Test1.feature:10?[0m
Initialize step def
Parallel executor--null
Navigated to url successfully
  ?[32mGiven ?[0m?[32mnavigate to given url of amazon?[0m                                          ?[90m# stepdefinitions.StepDefinition.navigate_to_given_url_of_amazon()?[0m
Current URL---https://www.amazon.com/
TextToVerify---test
  ?[31mAnd ?[0m?[31mvalidate the amazon page got loaded successfully by validating text ?[0m?[31m?[1m&quot;test&quot;?[0m ?[90m# stepdefinitions.StepDefinition.validate_the_amazon_page_got_loaded_successfully_by_validating_text(java.lang.String)?[0m
      ?[31mjava.lang.AssertionError
	at org.junit.Assert.fail(Assert.java:87)
	at org.junit.Assert.assertTrue(Assert.java:42)
	at org.junit.Assert.assertTrue(Assert.java:53)
	at pages.BasePage.verifyTextFromGivenUrl(BasePage.java:48)
	at pages.AmazonPage.verifyText(AmazonPage.java:18)
	at stepdefinitions.StepDefinition.validate_the_amazon_page_got_loaded_successfully_by_validating_text(StepDefinition.java:67)
	at âœ½.validate the amazon page got loaded successfully by validating text &quot;test&quot;(file:///G:/automation/repository/cucumberseleniumapi/src/test/resources/amazon/Test1.feature:5)
?[0m
Taking screenshot

    Embedding image [image/png 309425 bytes]

After --close the driver
</pre>
</span>
</div>
<div id="tab3" class="tab">
<h2>Standard error</h2>
<span class="code">
<pre>SLF4J: Failed to load class &quot;org.slf4j.impl.StaticLoggerBinder&quot;.
SLF4J: Defaulting to no-operation (NOP) logger implementation
SLF4J: See http://www.slf4j.org/codes.html#StaticLoggerBinder for further details.
Starting ChromeDriver 98.0.4758.102 (273bf7ac8c909cde36982d27f66f3c70846a3718-refs/branch-heads/4758@{#1151}) on port 64495
Only local connections are allowed.
Please see https://chromedriver.chromium.org/security-considerations for suggestions on keeping ChromeDriver safe.
ChromeDriver was started successfully.
[1647461285.916][WARNING]: This version of ChromeDriver has not been tested with Chrome version 99.
Mar 16, 2022 9:08:07 PM org.openqa.selenium.remote.ProtocolHandshake createSession
INFO: Detected dialect: W3C
Mar 16, 2022 9:08:07 PM org.openqa.selenium.devtools.CdpVersionFinder findNearestMatch
WARNING: Unable to find an exact match for CDP version 99, so returning the closest version found: 97
Mar 16, 2022 9:08:07 PM org.openqa.selenium.devtools.CdpVersionFinder findNearestMatch
INFO: Found CDP implementation for version 99 of 97
[1647461315.446][SEVERE]: Timed out receiving message from renderer: 10.000
[1647461315.447][WARNING]: screenshot failed, retrying timeout: Timed out receiving message from renderer: 10.000
</pre>
</span>
</div>
</div>
<div id="footer">
<p>
<div>
<label class="hidden" id="label-for-line-wrapping-toggle" for="line-wrapping-toggle">Wrap lines
<input id="line-wrapping-toggle" type="checkbox" autocomplete="off"/>
</label>
</div>Generated by 
<a href="http://www.gradle.org">Gradle 7.1</a> at Mar 16, 2022 9:08:45 PM</p>
</div>
</div>
</body>
</html>
